<?xml version="1.0" encoding="UTF-8"?>
<testsuite name="com.test.book.springboot.web.IndexControllerTest" tests="1" skipped="0" failures="1" errors="0" timestamp="2020-09-16T13:31:53" hostname="DESKTOP-UNGEU2J" time="0.363">
  <properties/>
  <testcase name="LoadingMain" classname="com.test.book.springboot.web.IndexControllerTest" time="0.363">
    <failure message="java.lang.AssertionError: &#13;&#10;Expecting:&#13;&#10; &lt;&quot;&lt;!DOCTYPE HTML&gt;&#13;&#10;&lt;html&gt;&#13;&#10;&lt;head&gt;&#13;&#10;    &lt;title&gt;스프링 부트 웹서비스&lt;/title&gt;&#13;&#10;    &lt;meta http-equiv=&quot;Content-Type&quot; content=&quot;text/html; charset=UTF-8&quot;/&gt;&#13;&#10;&#13;&#10;    &lt;link rel=&quot;stylesheet&quot; href=&quot;https://stackpath.bootstrapcdn.com/bootstrap/4.3.1/css/bootstrap.min.css&quot;&gt;&#13;&#10;&lt;/head&gt;&#13;&#10;&lt;/html&gt;&#13;&#10;&lt;body&gt;&#13;&#10;    &lt;h1&gt;스프링 부트 웹서비스 Ver.2&lt;/h1&gt;&#13;&#10;    &lt;div class =&quot;col-md-12&quot;&gt;&#13;&#10;        &lt;!--로그인 기능 영역--&gt;&#13;&#10;        &lt;div class=&quot;row&quot;&gt;&#13;&#10;            &lt;div class=&quot;col-md-6&quot;&gt;&#13;&#10;                &lt;a href=&quot;/posts/save&quot; role=&quot;button&quot; class=&quot;btn btn-primary&quot;&gt;&#13;&#10;                    글 등록&#13;&#10;                &lt;/a&gt;&#13;&#10;                    &lt;a href=&quot;/oauth2/authorization/google&quot;&#13;&#10;                       class=&quot;btn btn-success active&quot; role=&quot;button&quot;&gt;Google login&lt;/a&gt;0&#13;&#10;            &lt;/div&gt;&#13;&#10;        &lt;/div&gt;&#13;&#10;        &lt;br&gt;&#13;&#10;        &lt;!--목록 출력 영역--&gt;&#13;&#10;        &lt;table class =&quot;table table-horizontal table-bordered&quot;&gt;&#13;&#10;            &lt;thead class = &quot;thead-strong&quot;&gt;&#13;&#10;            &lt;tr&gt;&#13;&#10;                &lt;th&gt;게시글 번호&lt;/th&gt;&#13;&#10;                &lt;th&gt;제목&lt;/th&gt;&#13;&#10;                &lt;th&gt;작성자&lt;/th&gt;&#13;&#10;                &lt;th&gt;최종수정일&lt;/th&gt;&#13;&#10;            &lt;/tr&gt;&#13;&#10;            &lt;/thead&gt;&#13;&#10;            &lt;tbody id=&quot;tbody&quot;&gt;&#13;&#10;            &lt;/tbody&gt;&#13;&#10;        &lt;/table&gt;&#13;&#10;    &lt;/div&gt;&#13;&#10;&lt;script src=&quot;https://code.jquery.com/jquery-3.3.1.min.js&quot;&gt;&#13;&#10;&lt;/script&gt;&#13;&#10;&lt;script src=&quot;https://stackpath.bootstrapcdn.com/bootstrap/4.3.1/js/bootstrap.min.js&quot;&gt;&lt;/script&gt;&#13;&#10;&lt;script src=&quot;/js/app/index.js&quot;&gt;&lt;/script&gt;&#13;&#10;&lt;/body&gt;&#13;&#10;&lt;/html&gt;&quot;&gt;&#13;&#10;to contain:&#13;&#10; &lt;&quot;스프링 부트로 시작하는 웹서비스&quot;&gt; " type="java.lang.AssertionError">java.lang.AssertionError: 
Expecting:
 &lt;&quot;&lt;!DOCTYPE HTML&gt;
&lt;html&gt;
&lt;head&gt;
    &lt;title&gt;스프링 부트 웹서비스&lt;/title&gt;
    &lt;meta http-equiv=&quot;Content-Type&quot; content=&quot;text/html; charset=UTF-8&quot;/&gt;

    &lt;link rel=&quot;stylesheet&quot; href=&quot;https://stackpath.bootstrapcdn.com/bootstrap/4.3.1/css/bootstrap.min.css&quot;&gt;
&lt;/head&gt;
&lt;/html&gt;
&lt;body&gt;
    &lt;h1&gt;스프링 부트 웹서비스 Ver.2&lt;/h1&gt;
    &lt;div class =&quot;col-md-12&quot;&gt;
        &lt;!--로그인 기능 영역--&gt;
        &lt;div class=&quot;row&quot;&gt;
            &lt;div class=&quot;col-md-6&quot;&gt;
                &lt;a href=&quot;/posts/save&quot; role=&quot;button&quot; class=&quot;btn btn-primary&quot;&gt;
                    글 등록
                &lt;/a&gt;
                    &lt;a href=&quot;/oauth2/authorization/google&quot;
                       class=&quot;btn btn-success active&quot; role=&quot;button&quot;&gt;Google login&lt;/a&gt;0
            &lt;/div&gt;
        &lt;/div&gt;
        &lt;br&gt;
        &lt;!--목록 출력 영역--&gt;
        &lt;table class =&quot;table table-horizontal table-bordered&quot;&gt;
            &lt;thead class = &quot;thead-strong&quot;&gt;
            &lt;tr&gt;
                &lt;th&gt;게시글 번호&lt;/th&gt;
                &lt;th&gt;제목&lt;/th&gt;
                &lt;th&gt;작성자&lt;/th&gt;
                &lt;th&gt;최종수정일&lt;/th&gt;
            &lt;/tr&gt;
            &lt;/thead&gt;
            &lt;tbody id=&quot;tbody&quot;&gt;
            &lt;/tbody&gt;
        &lt;/table&gt;
    &lt;/div&gt;
&lt;script src=&quot;https://code.jquery.com/jquery-3.3.1.min.js&quot;&gt;
&lt;/script&gt;
&lt;script src=&quot;https://stackpath.bootstrapcdn.com/bootstrap/4.3.1/js/bootstrap.min.js&quot;&gt;&lt;/script&gt;
&lt;script src=&quot;/js/app/index.js&quot;&gt;&lt;/script&gt;
&lt;/body&gt;
&lt;/html&gt;&quot;&gt;
to contain:
 &lt;&quot;스프링 부트로 시작하는 웹서비스&quot;&gt; 
	at com.test.book.springboot.web.IndexControllerTest.LoadingMain(IndexControllerTest.java:28)
	at sun.reflect.NativeMethodAccessorImpl.invoke0(Native Method)
	at sun.reflect.NativeMethodAccessorImpl.invoke(NativeMethodAccessorImpl.java:62)
	at sun.reflect.DelegatingMethodAccessorImpl.invoke(DelegatingMethodAccessorImpl.java:43)
	at java.lang.reflect.Method.invoke(Method.java:498)
	at org.junit.runners.model.FrameworkMethod$1.runReflectiveCall(FrameworkMethod.java:50)
	at org.junit.internal.runners.model.ReflectiveCallable.run(ReflectiveCallable.java:12)
	at org.junit.runners.model.FrameworkMethod.invokeExplosively(FrameworkMethod.java:47)
	at org.junit.internal.runners.statements.InvokeMethod.evaluate(InvokeMethod.java:17)
	at org.springframework.test.context.junit4.statements.RunBeforeTestExecutionCallbacks.evaluate(RunBeforeTestExecutionCallbacks.java:74)
	at org.springframework.test.context.junit4.statements.RunAfterTestExecutionCallbacks.evaluate(RunAfterTestExecutionCallbacks.java:84)
	at org.springframework.test.context.junit4.statements.RunBeforeTestMethodCallbacks.evaluate(RunBeforeTestMethodCallbacks.java:75)
	at org.springframework.test.context.junit4.statements.RunAfterTestMethodCallbacks.evaluate(RunAfterTestMethodCallbacks.java:86)
	at org.springframework.test.context.junit4.statements.SpringRepeat.evaluate(SpringRepeat.java:84)
	at org.junit.runners.ParentRunner.runLeaf(ParentRunner.java:325)
	at org.springframework.test.context.junit4.SpringJUnit4ClassRunner.runChild(SpringJUnit4ClassRunner.java:251)
	at org.springframework.test.context.junit4.SpringJUnit4ClassRunner.runChild(SpringJUnit4ClassRunner.java:97)
	at org.junit.runners.ParentRunner$3.run(ParentRunner.java:290)
	at org.junit.runners.ParentRunner$1.schedule(ParentRunner.java:71)
	at org.junit.runners.ParentRunner.runChildren(ParentRunner.java:288)
	at org.junit.runners.ParentRunner.access$000(ParentRunner.java:58)
	at org.junit.runners.ParentRunner$2.evaluate(ParentRunner.java:268)
	at org.springframework.test.context.junit4.statements.RunBeforeTestClassCallbacks.evaluate(RunBeforeTestClassCallbacks.java:61)
	at org.springframework.test.context.junit4.statements.RunAfterTestClassCallbacks.evaluate(RunAfterTestClassCallbacks.java:70)
	at org.junit.runners.ParentRunner.run(ParentRunner.java:363)
	at org.springframework.test.context.junit4.SpringJUnit4ClassRunner.run(SpringJUnit4ClassRunner.java:190)
	at org.gradle.api.internal.tasks.testing.junit.JUnitTestClassExecutor.runTestClass(JUnitTestClassExecutor.java:106)
	at org.gradle.api.internal.tasks.testing.junit.JUnitTestClassExecutor.execute(JUnitTestClassExecutor.java:58)
	at org.gradle.api.internal.tasks.testing.junit.JUnitTestClassExecutor.execute(JUnitTestClassExecutor.java:38)
	at org.gradle.api.internal.tasks.testing.junit.AbstractJUnitTestClassProcessor.processTestClass(AbstractJUnitTestClassProcessor.java:66)
	at org.gradle.api.internal.tasks.testing.SuiteTestClassProcessor.processTestClass(SuiteTestClassProcessor.java:51)
	at sun.reflect.NativeMethodAccessorImpl.invoke0(Native Method)
	at sun.reflect.NativeMethodAccessorImpl.invoke(NativeMethodAccessorImpl.java:62)
	at sun.reflect.DelegatingMethodAccessorImpl.invoke(DelegatingMethodAccessorImpl.java:43)
	at java.lang.reflect.Method.invoke(Method.java:498)
	at org.gradle.internal.dispatch.ReflectionDispatch.dispatch(ReflectionDispatch.java:35)
	at org.gradle.internal.dispatch.ReflectionDispatch.dispatch(ReflectionDispatch.java:24)
	at org.gradle.internal.dispatch.ContextClassLoaderDispatch.dispatch(ContextClassLoaderDispatch.java:32)
	at org.gradle.internal.dispatch.ProxyDispatchAdapter$DispatchingInvocationHandler.invoke(ProxyDispatchAdapter.java:93)
	at com.sun.proxy.$Proxy2.processTestClass(Unknown Source)
	at org.gradle.api.internal.tasks.testing.worker.TestWorker.processTestClass(TestWorker.java:117)
	at sun.reflect.NativeMethodAccessorImpl.invoke0(Native Method)
	at sun.reflect.NativeMethodAccessorImpl.invoke(NativeMethodAccessorImpl.java:62)
	at sun.reflect.DelegatingMethodAccessorImpl.invoke(DelegatingMethodAccessorImpl.java:43)
	at java.lang.reflect.Method.invoke(Method.java:498)
	at org.gradle.internal.dispatch.ReflectionDispatch.dispatch(ReflectionDispatch.java:35)
	at org.gradle.internal.dispatch.ReflectionDispatch.dispatch(ReflectionDispatch.java:24)
	at org.gradle.internal.remote.internal.hub.MessageHubBackedObjectConnection$DispatchWrapper.dispatch(MessageHubBackedObjectConnection.java:155)
	at org.gradle.internal.remote.internal.hub.MessageHubBackedObjectConnection$DispatchWrapper.dispatch(MessageHubBackedObjectConnection.java:137)
	at org.gradle.internal.remote.internal.hub.MessageHub$Handler.run(MessageHub.java:404)
	at org.gradle.internal.concurrent.ExecutorPolicy$CatchAndRecordFailures.onExecute(ExecutorPolicy.java:63)
	at org.gradle.internal.concurrent.ManagedExecutorImpl$1.run(ManagedExecutorImpl.java:46)
	at java.util.concurrent.ThreadPoolExecutor.runWorker(ThreadPoolExecutor.java:1149)
	at java.util.concurrent.ThreadPoolExecutor$Worker.run(ThreadPoolExecutor.java:624)
	at org.gradle.internal.concurrent.ThreadFactoryImpl$ManagedThreadRunnable.run(ThreadFactoryImpl.java:55)
	at java.lang.Thread.run(Thread.java:748)
</failure>
  </testcase>
  <system-out><![CDATA[2020-09-16 22:31:47.756  INFO 8904 --- [    Test worker] .b.t.c.SpringBootTestContextBootstrapper : Neither @ContextConfiguration nor @ContextHierarchy found for test class [com.test.book.springboot.web.IndexControllerTest], using SpringBootContextLoader
2020-09-16 22:31:47.757  INFO 8904 --- [    Test worker] o.s.t.c.support.AbstractContextLoader    : Could not detect default resource locations for test class [com.test.book.springboot.web.IndexControllerTest]: no resource found for suffixes {-context.xml, Context.groovy}.
2020-09-16 22:31:47.757  INFO 8904 --- [    Test worker] t.c.s.AnnotationConfigContextLoaderUtils : Could not detect default configuration classes for test class [com.test.book.springboot.web.IndexControllerTest]: IndexControllerTest does not declare any static, non-private, non-final, nested classes annotated with @Configuration.
2020-09-16 22:31:47.759  INFO 8904 --- [    Test worker] .b.t.c.SpringBootTestContextBootstrapper : Found @SpringBootConfiguration com.test.book.springboot.Application for test class com.test.book.springboot.web.IndexControllerTest
2020-09-16 22:31:47.761  INFO 8904 --- [    Test worker] .b.t.c.SpringBootTestContextBootstrapper : Loaded default TestExecutionListener class names from location [META-INF/spring.factories]: [org.springframework.boot.test.autoconfigure.restdocs.RestDocsTestExecutionListener, org.springframework.boot.test.autoconfigure.web.client.MockRestServiceServerResetTestExecutionListener, org.springframework.boot.test.autoconfigure.web.servlet.MockMvcPrintOnlyOnFailureTestExecutionListener, org.springframework.boot.test.autoconfigure.web.servlet.WebDriverTestExecutionListener, org.springframework.boot.test.mock.mockito.MockitoTestExecutionListener, org.springframework.boot.test.mock.mockito.ResetMocksTestExecutionListener, org.springframework.test.context.web.ServletTestExecutionListener, org.springframework.test.context.support.DirtiesContextBeforeModesTestExecutionListener, org.springframework.test.context.support.DependencyInjectionTestExecutionListener, org.springframework.test.context.support.DirtiesContextTestExecutionListener, org.springframework.test.context.transaction.TransactionalTestExecutionListener, org.springframework.test.context.jdbc.SqlScriptsTestExecutionListener]
2020-09-16 22:31:47.761  INFO 8904 --- [    Test worker] .b.t.c.SpringBootTestContextBootstrapper : Using TestExecutionListeners: [org.springframework.test.context.web.ServletTestExecutionListener@9b9ffa9, org.springframework.test.context.support.DirtiesContextBeforeModesTestExecutionListener@42f8f1b6, org.springframework.boot.test.mock.mockito.MockitoTestExecutionListener@276b893c, org.springframework.boot.test.autoconfigure.SpringBootDependencyInjectionTestExecutionListener@4e14aadf, org.springframework.test.context.support.DirtiesContextTestExecutionListener@8965003, org.springframework.test.context.transaction.TransactionalTestExecutionListener@de675e6, org.springframework.test.context.jdbc.SqlScriptsTestExecutionListener@76bf2f0f, org.springframework.boot.test.autoconfigure.restdocs.RestDocsTestExecutionListener@1d162155, org.springframework.boot.test.autoconfigure.web.client.MockRestServiceServerResetTestExecutionListener@273a7cbc, org.springframework.boot.test.autoconfigure.web.servlet.MockMvcPrintOnlyOnFailureTestExecutionListener@19cd74f8, org.springframework.boot.test.autoconfigure.web.servlet.WebDriverTestExecutionListener@1605f799, org.springframework.boot.test.mock.mockito.ResetMocksTestExecutionListener@3ab57085]

  .   ____          _            __ _ _
 /\\ / ___'_ __ _ _(_)_ __  __ _ \ \ \ \
( ( )\___ | '_ | '_| | '_ \/ _` | \ \ \ \
 \\/  ___)| |_)| | | | | || (_| |  ) ) ) )
  '  |____| .__|_| |_|_| |_\__, | / / / /
 =========|_|==============|___/=/_/_/_/
 :: Spring Boot ::        (v2.1.9.RELEASE)

2020-09-16 22:31:47.801  INFO 8904 --- [    Test worker] c.t.b.s.web.IndexControllerTest          : Starting IndexControllerTest on DESKTOP-UNGEU2J with PID 8904 (started by lee sang min in C:\Users\lee sang min\Desktop\test)
2020-09-16 22:31:47.801  INFO 8904 --- [    Test worker] c.t.b.s.web.IndexControllerTest          : The following profiles are active: oauth
2020-09-16 22:31:48.116  INFO 8904 --- [    Test worker] .s.d.r.c.RepositoryConfigurationDelegate : Bootstrapping Spring Data repositories in DEFAULT mode.
2020-09-16 22:31:48.187  INFO 8904 --- [    Test worker] .s.d.r.c.RepositoryConfigurationDelegate : Finished Spring Data repository scanning in 63ms. Found 2 repository interfaces.
2020-09-16 22:31:48.489  INFO 8904 --- [    Test worker] trationDelegate$BeanPostProcessorChecker : Bean 'org.springframework.transaction.annotation.ProxyTransactionManagementConfiguration' of type [org.springframework.transaction.annotation.ProxyTransactionManagementConfiguration$$EnhancerBySpringCGLIB$$73d38be5] is not eligible for getting processed by all BeanPostProcessors (for example: not eligible for auto-proxying)
2020-09-16 22:31:48.943  INFO 8904 --- [    Test worker] o.s.b.w.embedded.tomcat.TomcatWebServer  : Tomcat initialized with port(s): 0 (http)
2020-09-16 22:31:48.968  INFO 8904 --- [    Test worker] o.apache.catalina.core.StandardService   : Starting service [Tomcat]
2020-09-16 22:31:48.968  INFO 8904 --- [    Test worker] org.apache.catalina.core.StandardEngine  : Starting Servlet engine: [Apache Tomcat/9.0.26]
2020-09-16 22:31:49.134  INFO 8904 --- [    Test worker] o.a.c.c.C.[Tomcat].[localhost].[/]       : Initializing Spring embedded WebApplicationContext
2020-09-16 22:31:49.134  INFO 8904 --- [    Test worker] o.s.web.context.ContextLoader            : Root WebApplicationContext: initialization completed in 1330 ms
2020-09-16 22:31:49.477  INFO 8904 --- [    Test worker] com.zaxxer.hikari.HikariDataSource       : HikariPool-1 - Starting...
2020-09-16 22:31:49.704  INFO 8904 --- [    Test worker] com.zaxxer.hikari.HikariDataSource       : HikariPool-1 - Start completed.
2020-09-16 22:31:49.800  INFO 8904 --- [    Test worker] o.hibernate.jpa.internal.util.LogHelper  : HHH000204: Processing PersistenceUnitInfo [
	name: default
	...]
2020-09-16 22:31:49.889  INFO 8904 --- [    Test worker] org.hibernate.Version                    : HHH000412: Hibernate Core {5.3.12.Final}
2020-09-16 22:31:49.891  INFO 8904 --- [    Test worker] org.hibernate.cfg.Environment            : HHH000206: hibernate.properties not found
2020-09-16 22:31:50.113  INFO 8904 --- [    Test worker] o.hibernate.annotations.common.Version   : HCANN000001: Hibernate Commons Annotations {5.0.4.Final}
2020-09-16 22:31:50.307  INFO 8904 --- [    Test worker] org.hibernate.dialect.Dialect            : HHH000400: Using dialect: org.hibernate.dialect.MySQL5InnoDBDialect
Hibernate: drop table if exists posts
Hibernate: drop table if exists user
Hibernate: create table posts (id bigint not null auto_increment, created_date datetime, modified_date datetime, author varchar(255), content TEXT not null, title varchar(255), primary key (id)) engine=InnoDB
Hibernate: create table user (id bigint not null auto_increment, created_date datetime, modified_date datetime, email varchar(255) not null, name varchar(255) not null, picture varchar(255), role varchar(255) not null, primary key (id)) engine=InnoDB
2020-09-16 22:31:51.038  INFO 8904 --- [    Test worker] o.h.t.schema.internal.SchemaCreatorImpl  : HHH000476: Executing import script 'org.hibernate.tool.schema.internal.exec.ScriptSourceInputNonExistentImpl@45f1ed1b'
2020-09-16 22:31:51.041  INFO 8904 --- [    Test worker] j.LocalContainerEntityManagerFactoryBean : Initialized JPA EntityManagerFactory for persistence unit 'default'
2020-09-16 22:31:51.723  INFO 8904 --- [    Test worker] o.h.h.i.QueryTranslatorFactoryInitiator  : HHH000397: Using ASTQueryTranslatorFactory
2020-09-16 22:31:52.198  INFO 8904 --- [    Test worker] o.s.s.web.DefaultSecurityFilterChain     : Creating filter chain: any request, [org.springframework.security.web.context.request.async.WebAsyncManagerIntegrationFilter@56123dda, org.springframework.security.web.context.SecurityContextPersistenceFilter@67d5c1d5, org.springframework.security.web.header.HeaderWriterFilter@7a721304, org.springframework.security.web.authentication.logout.LogoutFilter@7c7134de, org.springframework.security.oauth2.client.web.OAuth2AuthorizationRequestRedirectFilter@7c9c72cc, org.springframework.security.oauth2.client.web.OAuth2LoginAuthenticationFilter@3739900f, org.springframework.security.web.authentication.ui.DefaultLoginPageGeneratingFilter@74f2a55, org.springframework.security.web.authentication.ui.DefaultLogoutPageGeneratingFilter@476029f, org.springframework.security.web.savedrequest.RequestCacheAwareFilter@6ba86272, org.springframework.security.web.servletapi.SecurityContextHolderAwareRequestFilter@14bbb7b4, org.springframework.security.web.authentication.AnonymousAuthenticationFilter@55fd6a6f, org.springframework.security.web.session.SessionManagementFilter@7e7d3dbb, org.springframework.security.web.access.ExceptionTranslationFilter@73eee87e, org.springframework.security.web.access.intercept.FilterSecurityInterceptor@6e794b1a]
2020-09-16 22:31:52.588  INFO 8904 --- [    Test worker] o.s.s.concurrent.ThreadPoolTaskExecutor  : Initializing ExecutorService 'applicationTaskExecutor'
2020-09-16 22:31:52.657  WARN 8904 --- [    Test worker] aWebConfiguration$JpaWebMvcConfiguration : spring.jpa.open-in-view is enabled by default. Therefore, database queries may be performed during view rendering. Explicitly configure spring.jpa.open-in-view to disable this warning
2020-09-16 22:31:52.723  INFO 8904 --- [    Test worker] o.s.b.a.w.s.WelcomePageHandlerMapping    : Adding welcome page template: index
2020-09-16 22:31:53.154  INFO 8904 --- [    Test worker] o.s.b.w.embedded.tomcat.TomcatWebServer  : Tomcat started on port(s): 3907 (http) with context path ''
2020-09-16 22:31:53.155  INFO 8904 --- [    Test worker] c.t.b.s.web.IndexControllerTest          : Started IndexControllerTest in 5.393 seconds (JVM running for 8.729)
2020-09-16 22:31:53.312  INFO 8904 --- [o-auto-1-exec-1] o.a.c.c.C.[Tomcat].[localhost].[/]       : Initializing Spring DispatcherServlet 'dispatcherServlet'
2020-09-16 22:31:53.313  INFO 8904 --- [o-auto-1-exec-1] o.s.web.servlet.DispatcherServlet        : Initializing Servlet 'dispatcherServlet'
2020-09-16 22:31:53.333  INFO 8904 --- [o-auto-1-exec-1] o.s.web.servlet.DispatcherServlet        : Completed initialization in 20 ms
Hibernate: select posts0_.id as id1_0_, posts0_.created_date as created_2_0_, posts0_.modified_date as modified3_0_, posts0_.author as author4_0_, posts0_.content as content5_0_, posts0_.title as title6_0_ from posts posts0_ order by posts0_.id DESC
]]></system-out>
  <system-err><![CDATA[]]></system-err>
</testsuite>
